Info: Start Nativelink Simulation process

========= EDA Simulation Settings =====================

Sim Mode              :  Gate
Family                :  cycloneive
Quartus root          :  c:/altera/13.1/quartus/bin64/
Quartus sim root      :  c:/altera/13.1/quartus/eda/sim_lib
Simulation Tool       :  modelsim-altera
Simulation Language   :  vhdl
Version               :  93
Simulation Mode       :  GUI
Sim Output File       :  router.vho
Sim SDF file          :  router__vhdl.sdo
Sim dir               :  simulation\modelsim

=======================================================

Info: Starting NativeLink simulation with ModelSim-Altera software
Sourced NativeLink script c:/altera/13.1/quartus/common/tcl/internal/nativelink/modelsim.tcl
Warning: File router_run_msim_gate_vhdl.do already exists - backing up current file as router_run_msim_gate_vhdl.do.bak6
Probing transcript
ModelSim-Altera Info: # Reading C:/altera/15.0/modelsim_ase/tcl/vsim/pref.tcl
ModelSim-Altera Info: # ERROR: No extended dataflow license exists
ModelSim-Altera Info: # do router_run_msim_gate_vhdl.do
ModelSim-Altera Info: # if {[file exists gate_work]} {
ModelSim-Altera Info: # 	vdel -lib gate_work -all
ModelSim-Altera Info: # }
ModelSim-Altera Info: # vlib gate_work
ModelSim-Altera Info: # vmap work gate_work
ModelSim-Altera Info: # Model Technology ModelSim PE vmap 10.3d Lib Mapping Utility 2014.10 Oct  7 2014
ModelSim-Altera Info: # vmap -modelsim_quiet work gate_work 
ModelSim-Altera Info: # Copying C:/altera/15.0/modelsim_ase/win32aloem/../modelsim.ini to modelsim.ini
ModelSim-Altera Info: # Modifying modelsim.ini
ModelSim-Altera Warning: # ** Warning: Copied C:/altera/15.0/modelsim_ase/win32aloem/../modelsim.ini to modelsim.ini.
ModelSim-Altera Info: #          Updated modelsim.ini.
ModelSim-Altera Info: # 
ModelSim-Altera Info: # vcom -93 -work work {router.vho}
ModelSim-Altera Info: # Model Technology ModelSim ALTERA vcom 10.3d Compiler 2014.10 Oct  7 2014
ModelSim-Altera Info: # Start time: 15:10:00 on Jul 05,2023
ModelSim-Altera Info: # vcom -reportprogress 300 -93 -work work router.vho 
ModelSim-Altera Info: # -- Loading package STANDARD
ModelSim-Altera Info: # -- Loading package TEXTIO
ModelSim-Altera Info: # -- Loading package std_logic_1164
ModelSim-Altera Info: # -- Loading package VITAL_Timing
ModelSim-Altera Info: # -- Loading package VITAL_Primitives
ModelSim-Altera Info: # -- Loading package dffeas_pack
ModelSim-Altera Info: # -- Loading package altera_primitives_components
ModelSim-Altera Info: # -- Loading package cycloneive_atom_pack
ModelSim-Altera Info: # -- Loading package cycloneive_components
ModelSim-Altera Info: # -- Compiling entity router
ModelSim-Altera Info: # -- Compiling architecture structure of router
ModelSim-Altera Info: # End time: 15:10:01 on Jul 05,2023, Elapsed time: 0:00:01
ModelSim-Altera Info: # Errors: 0, Warnings: 0
ModelSim-Altera Info: # 
ModelSim-Altera Info: # vcom -93 -work work {C:/altera/13.1/final_project/test_router.vhd}
ModelSim-Altera Info: # Model Technology ModelSim ALTERA vcom 10.3d Compiler 2014.10 Oct  7 2014
ModelSim-Altera Info: # Start time: 15:10:01 on Jul 05,2023
ModelSim-Altera Info: # vcom -reportprogress 300 -93 -work work C:/altera/13.1/final_project/test_router.vhd 
ModelSim-Altera Info: # -- Loading package STANDARD
ModelSim-Altera Info: # -- Loading package TEXTIO
ModelSim-Altera Info: # -- Loading package std_logic_1164
ModelSim-Altera Info: # -- Compiling entity test_router
ModelSim-Altera Info: # -- Compiling architecture arch_test_router of test_router
ModelSim-Altera Warning: # ** Warning: [4] C:/altera/13.1/final_project/test_router.vhd(153): (vcom-1207) An abstract literal and an identifier must have a separator between them.
ModelSim-Altera Warning: # ** Warning: [4] C:/altera/13.1/final_project/test_router.vhd(155): (vcom-1207) An abstract literal and an identifier must have a separator between them.
ModelSim-Altera Warning: # ** Warning: [4] C:/altera/13.1/final_project/test_router.vhd(166): (vcom-1207) An abstract literal and an identifier must have a separator between them.
ModelSim-Altera Warning: # ** Warning: [4] C:/altera/13.1/final_project/test_router.vhd(168): (vcom-1207) An abstract literal and an identifier must have a separator between them.
ModelSim-Altera Warning: # ** Warning: [4] C:/altera/13.1/final_project/test_router.vhd(189): (vcom-1207) An abstract literal and an identifier must have a separator between them.
ModelSim-Altera Warning: # ** Warning: [4] C:/altera/13.1/final_project/test_router.vhd(194): (vcom-1207) An abstract literal and an identifier must have a separator between them.
ModelSim-Altera Warning: # ** Warning: [4] C:/altera/13.1/final_project/test_router.vhd(202): (vcom-1207) An abstract literal and an identifier must have a separator between them.
ModelSim-Altera Warning: # ** Warning: [4] C:/altera/13.1/final_project/test_router.vhd(210): (vcom-1207) An abstract literal and an identifier must have a separator between them.
ModelSim-Altera Info: # End time: 15:10:02 on Jul 05,2023, Elapsed time: 0:00:01
ModelSim-Altera Info: # Errors: 0, Warnings: 8
ModelSim-Altera Info: # 
ModelSim-Altera Info: # vsim -t 1ps +transport_int_delays +transport_path_delays -sdftyp /NA=router_vhd.sdo -L altera -L cycloneive -L gate_work -L work -voptargs="+acc"  test_router
ModelSim-Altera Info: # vsim -gui -l msim_transcript -do "router_run_msim_gate_vhdl.do" 
ModelSim-Altera Info: # Start time: 15:10:02 on Jul 05,2023
ModelSim-Altera Info: # Loading std.standard
ModelSim-Altera Info: # Loading std.textio(body)
ModelSim-Altera Info: # Loading ieee.std_logic_1164(body)
ModelSim-Altera Info: # Loading work.test_router(arch_test_router)
ModelSim-Altera Info: # SDF 10.3d Compiler 2014.10 Oct  7 2014
ModelSim-Altera Info: # 
ModelSim-Altera Info: # Loading ieee.vital_timing(body)
ModelSim-Altera Info: # Loading ieee.vital_primitives(body)
ModelSim-Altera Info: # Loading altera.dffeas_pack
ModelSim-Altera Info: # Loading altera.altera_primitives_components
ModelSim-Altera Info: # Loading cycloneive.cycloneive_atom_pack(body)
ModelSim-Altera Info: # Loading cycloneive.cycloneive_components
ModelSim-Altera Info: # Loading work.router(structure)
ModelSim-Altera Warning: # ** Warning: (vsim-8713) C:/altera/13.1/final_project/test_router.vhd(147): Suspect default binding for component instance 'uut'.
ModelSim-Altera Info: # 
ModelSim-Altera Info: #    Entity has no generics at all; the component has generic:
ModelSim-Altera Info: #           DATA_WIDTH
ModelSim-Altera Info: # 
ModelSim-Altera Info: #         Region: /test_router/uut
ModelSim-Altera Info: # Loading ieee.std_logic_arith(body)
ModelSim-Altera Info: # Loading cycloneive.cycloneive_io_obuf(arch)
ModelSim-Altera Info: # Loading cycloneive.cycloneive_io_ibuf(arch)
ModelSim-Altera Info: # Loading cycloneive.cycloneive_clkctrl(vital_clkctrl)
ModelSim-Altera Info: # Loading cycloneive.cycloneive_ena_reg(behave)
ModelSim-Altera Info: # Loading cycloneive.cycloneive_lcell_comb(vital_lcell_comb)
ModelSim-Altera Info: # Loading altera.dffeas(vital_dffeas)
ModelSim-Altera Info: # Loading instances from router_vhd.sdo
ModelSim-Altera Error: # ** Error: (vsim-SDF-3250) router_vhd.sdo(0): Failed to find INSTANCE '/NA'.
ModelSim-Altera Info: # 
ModelSim-Altera Error: # ** Error: (vsim-SDF-3894) : Errors occured in reading and resolving instances from compiled SDF file(s).
ModelSim-Altera Info: # 
ModelSim-Altera Error: # ** Error: (vsim-SDF-3250) router_vhd.sdo(0): Failed to find INSTANCE '/NA'.
ModelSim-Altera Info: # 
ModelSim-Altera Info: # Error loading design
ModelSim-Altera Info: # Error: Error loading design
ModelSim-Altera Info: #        Pausing macro execution
ModelSim-Altera Info: # MACRO ./router_run_msim_gate_vhdl.do PAUSED at line 12
ModelSim-Altera Info: # End time: 15:11:04 on Jul 05,2023, Elapsed time: 0:01:02
ModelSim-Altera Info: # Errors: 3, Warnings: 1
Error: Errors encountered while running modelsim do file
Error: NativeLink simulation flow was NOT successful



================The following additional information is provided to help identify the cause of error while running nativelink scripts=================
Nativelink TCL script failed with errorCode:  1
Nativelink TCL script failed with errorInfo:  1
    (procedure "launch_sim" line 1)
    invoked from within
"launch_sim launch_args_hash"
    ("eval" body line 1)
    invoked from within
"eval launch_sim launch_args_hash"
    invoked from within
"if [ info exists ::errorCode ] {
				set savedCode $::errorCode
				set savedInfo $::errorInfo
				error $result $savedInfo $savedCode
			} else {
			..."
    invoked from within
"if [catch {eval launch_sim launch_args_hash} result ] {
			set status 1
			if [ info exists ::errorCode ] {
				set savedCode $::errorCode
				set sav..."
    (procedure "run_sim" line 78)
    invoked from within
"run_sim run_sim_args_hash"
    invoked from within
"if [ info exists ::errorCode ] {
			set savedCode $::errorCode
			set savedInfo $::errorInfo
			error "$result" $savedInfo $savedCode
		} else {
			er..."
    (procedure "run_eda_simulation_tool" line 330)
    invoked from within
"run_eda_simulation_tool eda_opts_hash"
